<?xml version="1.0" encoding="UTF-8"?>
<testng-results ignored="0" total="1" passed="1" failed="0" skipped="0">
  <reporter-output>
  </reporter-output>
  <suite started-at="2023-10-17T20:52:51 IST" name="Default suite" finished-at="2023-10-17T20:53:15 IST" duration-ms="23451">
    <groups>
    </groups>
    <test started-at="2023-10-17T20:52:51 IST" name="Default test" finished-at="2023-10-17T20:53:15 IST" duration-ms="23451">
      <class name="testPackage.validRegistrationTestCase">
        <test-method is-config="true" signature="setUp()[pri:0, instance:testPackage.validRegistrationTestCase@2a7f1f10]" started-at="2023-10-17T20:52:51 IST" name="setUp" finished-at="2023-10-17T20:53:00 IST" duration-ms="8453" status="PASS">
          <reporter-output>
          </reporter-output>
        </test-method> <!-- setUp -->
        <test-method signature="validTest1()[pri:0, instance:testPackage.validRegistrationTestCase@2a7f1f10]" started-at="2023-10-17T20:53:00 IST" name="validTest1" finished-at="2023-10-17T20:53:14 IST" duration-ms="14321" status="PASS">
          <reporter-output>
          </reporter-output>
        </test-method> <!-- validTest1 -->
        <test-method is-config="true" signature="tearDown()[pri:0, instance:testPackage.validRegistrationTestCase@2a7f1f10]" started-at="2023-10-17T20:53:14 IST" name="tearDown" finished-at="2023-10-17T20:53:15 IST" duration-ms="615" status="PASS">
          <reporter-output>
          </reporter-output>
        </test-method> <!-- tearDown -->
      </class> <!-- testPackage.validRegistrationTestCase -->
    </test> <!-- Default test -->
  </suite> <!-- Default suite -->
</testng-results>
